<?xml version="1.0" encoding="UTF-8"?>
<!-- Generated by org.testng.reporters.JUnitReportReporter -->
<testsuite hostname="DESKTOP-HHREN1I" failures="0" tests="1" name="web4.Authentications" time="0.296" errors="0" timestamp="2023-05-09T15:31:50 IST" skipped="0">
  <testcase classname="web4.Authentications" name="testGenerateDummyData" time="0.296"/>
  <system-out/>
</testsuite> <!-- web4.Authentications -->
