<?xml version="1.0" encoding="UTF-8"?>
<!-- Generated by org.testng.reporters.JUnitReportReporter -->
<testsuite hostname="DESKTOP-HHREN1I" failures="0" tests="1" name="web1.PathAndQueryParameters" time="3.043" errors="0" timestamp="2023-05-05T16:57:27 IST" skipped="0">
  <testcase classname="web1.PathAndQueryParameters" name="testQueryAndPathParameters" time="3.043"/>
  <system-out/>
</testsuite> <!-- web1.PathAndQueryParameters -->
