<?xml version="1.0" encoding="UTF-8"?>
<!-- Generated by org.testng.reporters.JUnitReportReporter -->
<testsuite hostname="DESKTOP-HHREN1I" failures="0" tests="1" name="web.PathAndQueryParameters" time="5.110" errors="0" timestamp="2023-05-05T15:07:11 IST" skipped="0">
  <testcase classname="web.PathAndQueryParameters" name="testQueryAndPathParameters" time="5.110"/>
  <system-out/>
</testsuite> <!-- web.PathAndQueryParameters -->
