<?xml version="1.0" encoding="UTF-8"?>
<!-- Generated by org.testng.reporters.JUnitReportReporter -->
<testsuite hostname="DESKTOP-HHREN1I" failures="0" tests="1" name="web.HeaderDemo" time="3.457" errors="0" timestamp="2023-05-05T16:20:09 IST" skipped="0">
  <testcase classname="web.HeaderDemo" name="testheaders" time="3.457"/>
  <system-out/>
</testsuite> <!-- web.HeaderDemo -->
