<?xml version="1.0" encoding="UTF-8"?>
<!-- Generated by org.testng.reporters.JUnitReportReporter -->
<testsuite hostname="DESKTOP-HHREN1I" failures="0" tests="1" name="web5.UpdateUser" time="1.704" errors="0" timestamp="2023-05-09T19:27:50 IST" skipped="0">
  <testcase classname="web5.UpdateUser" name="test_updateUser" time="1.704"/>
  <system-out/>
</testsuite> <!-- web5.UpdateUser -->
