<?xml version="1.0" encoding="UTF-8"?>
<!-- Generated by org.testng.reporters.JUnitReportReporter -->
<testsuite hostname="DESKTOP-HHREN1I" failures="0" tests="1" name="web2.ParsingXMLResponse" time="5.339" errors="0" timestamp="2023-05-08T13:41:00 IST" skipped="0">
  <testcase classname="web2.ParsingXMLResponse" name="testXMLResponseBody" time="5.339"/>
  <system-out/>
</testsuite> <!-- web2.ParsingXMLResponse -->
