<?xml version="1.0" encoding="UTF-8"?>
<!-- Generated by org.testng.reporters.JUnitReportReporter -->
<testsuite hostname="DESKTOP-HHREN1I" failures="0" tests="1" name="web.CookiesDemo" time="4.793" errors="0" timestamp="2023-05-05T16:07:27 IST" skipped="0">
  <testcase classname="web.CookiesDemo" name="testCookiesinfo" time="4.793"/>
  <system-out/>
</testsuite> <!-- web.CookiesDemo -->
