<?xml version="1.0" encoding="UTF-8"?>
<!-- Generated by org.testng.reporters.JUnitReportReporter -->
<testsuite hostname="DESKTOP-HHREN1I" failures="0" tests="4" name="api.test.UserTests" time="6.258" errors="0" timestamp="2023-05-11T19:38:06 IST" skipped="0">
  <testcase classname="api.test.UserTests" name="testCreateUserPOSTRequest" time="1.294"/>
  <system-out/>
  <testcase classname="api.test.UserTests" name="testReadUserGETRequest" time="1.218"/>
  <system-out/>
  <testcase classname="api.test.UserTests" name="testUpdateGETRequest" time="2.492"/>
  <system-out/>
  <testcase classname="api.test.UserTests" name="testDeleteUserGETRequest" time="1.254"/>
  <system-out/>
</testsuite> <!-- api.test.UserTests -->
