<?xml version="1.0" encoding="UTF-8"?>
<!-- Generated by org.testng.reporters.JUnitReportReporter -->
<testsuite hostname="DESKTOP-HHREN1I" failures="0" tests="1" name="web3.XMLSchemaValidation" time="4.157" errors="0" timestamp="2023-05-08T18:41:29 IST" skipped="0">
  <testcase classname="web3.XMLSchemaValidation" name="xmlschemavalidation" time="4.157"/>
  <system-out/>
</testsuite> <!-- web3.XMLSchemaValidation -->
