<?xml version="1.0" encoding="UTF-8"?>
<!-- Generated by org.testng.reporters.JUnitReportReporter -->
<testsuite hostname="DESKTOP-HHREN1I" failures="0" tests="1" name="web3.JSONSchemaValidation" time="5.935" errors="0" timestamp="2023-05-08T18:11:08 IST" skipped="0">
  <testcase classname="web3.JSONSchemaValidation" name="jsonschemavalidation" time="5.935"/>
  <system-out/>
</testsuite> <!-- web3.JSONSchemaValidation -->
