<?xml version="1.0" encoding="UTF-8"?>
<!-- Generated by org.testng.reporters.JUnitReportReporter -->
<testsuite hostname="DESKTOP-HHREN1I" failures="0" tests="1" name="web2.ParsingJSONResponseData" time="2.377" errors="0" timestamp="2023-05-05T18:49:55 IST" skipped="0">
  <testcase classname="web2.ParsingJSONResponseData" name="testJSONResponseBodyData" time="2.377"/>
  <system-out/>
</testsuite> <!-- web2.ParsingJSONResponseData -->
