<?xml version="1.0" encoding="UTF-8"?>
<!-- Generated by org.testng.reporters.JUnitReportReporter -->
<testsuite hostname="DESKTOP-HHREN1I" failures="0" tests="1" name="web5.CreateUser" time="6.982" errors="0" timestamp="2023-05-09T19:27:50 IST" skipped="0">
  <testcase classname="web5.CreateUser" name="createUser" time="6.982"/>
  <system-out/>
</testsuite> <!-- web5.CreateUser -->
