<?xml version="1.0" encoding="UTF-8"?>
<!-- Generated by org.testng.reporters.JUnitReportReporter -->
<testsuite hostname="DESKTOP-HHREN1I" failures="0" tests="6" name="api.test.DataDrivenTests" time="10.128" errors="0" timestamp="2023-05-11T19:38:06 IST" skipped="0">
  <testcase classname="api.test.DataDrivenTests" name="testPOSTUser" time="1.215"/>
  <system-out/>
  <testcase classname="api.test.DataDrivenTests" name="testPOSTUser" time="1.274"/>
  <system-out/>
  <testcase classname="api.test.DataDrivenTests" name="testPOSTUser" time="3.848"/>
  <system-out/>
  <testcase classname="api.test.DataDrivenTests" name="testDeleteUserByNames" time="1.253"/>
  <system-out/>
  <testcase classname="api.test.DataDrivenTests" name="testDeleteUserByNames" time="1.290"/>
  <system-out/>
  <testcase classname="api.test.DataDrivenTests" name="testDeleteUserByNames" time="1.248"/>
  <system-out/>
</testsuite> <!-- api.test.DataDrivenTests -->
