<?xml version="1.0" encoding="UTF-8"?>
<!-- Generated by org.testng.reporters.JUnitReportReporter -->
<testsuite hostname="DESKTOP-HHREN1I" failures="0" tests="1" name="web5.GetUser" time="1.159" errors="0" timestamp="2023-05-09T19:27:50 IST" skipped="0">
  <testcase classname="web5.GetUser" name="test_getUser" time="1.159"/>
  <system-out/>
</testsuite> <!-- web5.GetUser -->
