<?xml version="1.0" encoding="UTF-8"?>
<!-- Generated by org.testng.reporters.JUnitReportReporter -->
<testsuite hostname="DESKTOP-HHREN1I" failures="0" tests="1" name="web3.SerializationDeserialization" time="0.465" errors="0" timestamp="2023-05-09T11:23:27 IST" skipped="0">
  <testcase classname="web3.SerializationDeserialization" name="ConvertJSONToPOJO" time="0.465"/>
  <system-out/>
</testsuite> <!-- web3.SerializationDeserialization -->
