<?xml version="1.0" encoding="UTF-8"?>
<!-- Generated by org.testng.reporters.JUnitReportReporter -->
<testsuite hostname="DESKTOP-HHREN1I" failures="0" tests="1" name="web.HTTPRequests" time="6.794" errors="0" timestamp="2023-05-04T18:59:59 IST" skipped="0">
  <testcase classname="web.HTTPRequests" name="createUser4" time="6.794"/>
  <system-out/>
</testsuite> <!-- web.HTTPRequests -->
